[debug] [2021-10-31T23:14:41.644Z] ----------------------------------------------------------------------
[debug] [2021-10-31T23:14:41.648Z] Command:       /Users/temporaryadmin/.nvm/versions/node/v14.15.0/bin/node /Users/temporaryadmin/.nvm/versions/node/v14.15.0/bin/firebase deploy -P staging
[debug] [2021-10-31T23:14:41.648Z] CLI Version:   9.14.0
[debug] [2021-10-31T23:14:41.648Z] Platform:      darwin
[debug] [2021-10-31T23:14:41.648Z] Node Version:  v14.15.0
[debug] [2021-10-31T23:14:41.653Z] Time:          Mon Nov 01 2021 00:14:41 GMT+0100 (Central European Standard Time)
[debug] [2021-10-31T23:14:41.653Z] ----------------------------------------------------------------------
[debug] 
[debug] [2021-10-31T23:14:41.656Z] >>> [apiv2][query] GET https://firebase-public.firebaseio.com/cli.json [none]
[debug] [2021-10-31T23:14:41.690Z] > command requires scopes: ["email","openid","https://www.googleapis.com/auth/cloudplatformprojects.readonly","https://www.googleapis.com/auth/firebase","https://www.googleapis.com/auth/cloud-platform"]
[debug] [2021-10-31T23:14:41.691Z] > authorizing via signed-in user (ajiboye.o.john@gmail.com)
[debug] [2021-10-31T23:14:41.691Z] [iam] checking project pick-safe for permissions ["firebase.projects.get","firebasehosting.sites.update"]
[debug] [2021-10-31T23:14:41.694Z] > refreshing access token with scopes: ["email","https://www.googleapis.com/auth/cloud-platform","https://www.googleapis.com/auth/cloudplatformprojects.readonly","https://www.googleapis.com/auth/firebase","openid"]
[debug] [2021-10-31T23:14:41.694Z] >>> HTTP REQUEST POST https://www.googleapis.com/oauth2/v3/token  
 <request body omitted>
[debug] [2021-10-31T23:14:41.719Z] [iam] error while checking permissions, command may fail: FirebaseError: Authentication Error: Your credentials are no longer valid. Please run firebase login --reauth

For CI servers and headless environments, generate a new token with firebase login:ci
[debug] [2021-10-31T23:14:41.720Z] > refreshing access token with scopes: []
[debug] [2021-10-31T23:14:41.720Z] >>> HTTP REQUEST POST https://www.googleapis.com/oauth2/v3/token  
 <request body omitted>
[debug] [2021-10-31T23:14:41.726Z] Authentication Error: Your credentials are no longer valid. Please run firebase login --reauth

For CI servers and headless environments, generate a new token with firebase login:ci
[debug] [2021-10-31T23:14:41.734Z] FirebaseError: Authentication Error: Your credentials are no longer valid. Please run firebase login --reauth

For CI servers and headless environments, generate a new token with firebase login:ci
    at invalidCredentialError (/Users/temporaryadmin/.nvm/versions/node/v14.15.0/lib/node_modules/firebase-tools/lib/auth.js:141:12)
    at refreshTokens (/Users/temporaryadmin/.nvm/versions/node/v14.15.0/lib/node_modules/firebase-tools/lib/auth.js:448:15)
    at processTicksAndRejections (internal/process/task_queues.js:93:5)
    at async Client.getAccessToken (/Users/temporaryadmin/.nvm/versions/node/v14.15.0/lib/node_modules/firebase-tools/lib/apiv2.js:144:23)
    at async Client.addAuthHeader (/Users/temporaryadmin/.nvm/versions/node/v14.15.0/lib/node_modules/firebase-tools/lib/apiv2.js:135:21)
    at async Client.request (/Users/temporaryadmin/.nvm/versions/node/v14.15.0/lib/node_modules/firebase-tools/lib/apiv2.js:93:34)
    at async Object.getFirebaseProject (/Users/temporaryadmin/.nvm/versions/node/v14.15.0/lib/node_modules/firebase-tools/lib/management/projects.js:290:21)
    at async Object.getDefaultHostingSite (/Users/temporaryadmin/.nvm/versions/node/v14.15.0/lib/node_modules/firebase-tools/lib/getDefaultHostingSite.js:8:21)
    at async requireHostingSite (/Users/temporaryadmin/.nvm/versions/node/v14.15.0/lib/node_modules/firebase-tools/lib/requireHostingSite.js:9:18)
    at async Object.fn (/Users/temporaryadmin/.nvm/versions/node/v14.15.0/lib/node_modules/firebase-tools/lib/commands/deploy.js:65:9)
    at async /Users/temporaryadmin/.nvm/versions/node/v14.15.0/lib/node_modules/firebase-tools/lib/command.js:169:17
[error] 
[error] Error: Failed to get Firebase project pick-safe. Please make sure the project exists and your account has permission to access it.
